Performing C SOURCE FILE Test CMAKE_HAVE_LIBC_PTHREAD failed with the following output:
Change Dir: /home/meadt/MPSProjects/MSM_DSL/cmake-build-debug/CMakeFiles/CMakeTmp

Run Build Command(s):/usr/bin/gmake -f Makefile cmTC_7f18a/fast && /usr/bin/gmake  -f CMakeFiles/cmTC_7f18a.dir/build.make CMakeFiles/cmTC_7f18a.dir/build
gmake[1]: Entering directory '/home/meadt/MPSProjects/MSM_DSL/cmake-build-debug/CMakeFiles/CMakeTmp'
Building C object CMakeFiles/cmTC_7f18a.dir/src.c.o
/usr/bin/cc -DCMAKE_HAVE_LIBC_PTHREAD   -o CMakeFiles/cmTC_7f18a.dir/src.c.o -c /home/meadt/MPSProjects/MSM_DSL/cmake-build-debug/CMakeFiles/CMakeTmp/src.c
Linking C executable cmTC_7f18a
/home/meadt/CLion/clion-2021.2.1/bin/cmake/linux/bin/cmake -E cmake_link_script CMakeFiles/cmTC_7f18a.dir/link.txt --verbose=1
/usr/bin/cc -rdynamic CMakeFiles/cmTC_7f18a.dir/src.c.o -o cmTC_7f18a 
CMakeFiles/cmTC_7f18a.dir/src.c.o: In function `main':
src.c:(.text+0x2d): undefined reference to `pthread_create'
src.c:(.text+0x39): undefined reference to `pthread_detach'
src.c:(.text+0x45): undefined reference to `pthread_cancel'
src.c:(.text+0x56): undefined reference to `pthread_join'
collect2: error: ld returned 1 exit status
gmake[1]: *** [CMakeFiles/cmTC_7f18a.dir/build.make:99: cmTC_7f18a] Error 1
gmake[1]: Leaving directory '/home/meadt/MPSProjects/MSM_DSL/cmake-build-debug/CMakeFiles/CMakeTmp'
gmake: *** [Makefile:127: cmTC_7f18a/fast] Error 2


Source file was:
#include <pthread.h>

static void* test_func(void* data)
{
  return data;
}

int main(void)
{
  pthread_t thread;
  pthread_create(&thread, NULL, test_func, NULL);
  pthread_detach(thread);
  pthread_cancel(thread);
  pthread_join(thread, NULL);
  pthread_atfork(NULL, NULL, NULL);
  pthread_exit(NULL);

  return 0;
}

Determining if the function pthread_create exists in the pthreads failed with the following output:
Change Dir: /home/meadt/MPSProjects/MSM_DSL/cmake-build-debug/CMakeFiles/CMakeTmp

Run Build Command(s):/usr/bin/gmake -f Makefile cmTC_45a08/fast && /usr/bin/gmake  -f CMakeFiles/cmTC_45a08.dir/build.make CMakeFiles/cmTC_45a08.dir/build
gmake[1]: Entering directory '/home/meadt/MPSProjects/MSM_DSL/cmake-build-debug/CMakeFiles/CMakeTmp'
Building C object CMakeFiles/cmTC_45a08.dir/CheckFunctionExists.c.o
/usr/bin/cc   -DCHECK_FUNCTION_EXISTS=pthread_create -o CMakeFiles/cmTC_45a08.dir/CheckFunctionExists.c.o -c /home/meadt/CLion/clion-2021.2.1/bin/cmake/linux/share/cmake-3.20/Modules/CheckFunctionExists.c
Linking C executable cmTC_45a08
/home/meadt/CLion/clion-2021.2.1/bin/cmake/linux/bin/cmake -E cmake_link_script CMakeFiles/cmTC_45a08.dir/link.txt --verbose=1
/usr/bin/cc  -DCHECK_FUNCTION_EXISTS=pthread_create -rdynamic CMakeFiles/cmTC_45a08.dir/CheckFunctionExists.c.o -o cmTC_45a08  -lpthreads 
/usr/bin/ld: cannot find -lpthreads
collect2: error: ld returned 1 exit status
gmake[1]: *** [CMakeFiles/cmTC_45a08.dir/build.make:99: cmTC_45a08] Error 1
gmake[1]: Leaving directory '/home/meadt/MPSProjects/MSM_DSL/cmake-build-debug/CMakeFiles/CMakeTmp'
gmake: *** [Makefile:127: cmTC_45a08/fast] Error 2



